0 info it worked if it ends with ok
1 verbose cli [ '/usr/bin/nodejs', '/usr/bin/npm', 'install', '–g', 'lineman' ]
2 info using npm@1.3.10
3 info using node@v0.10.25
4 verbose readDependencies using package.json deps
5 verbose cache add [ '–g', null ]
6 verbose cache add name=undefined spec="–g" args=["–g",null]
7 verbose parsed url { protocol: null,
7 verbose parsed url   slashes: null,
7 verbose parsed url   auth: null,
7 verbose parsed url   host: null,
7 verbose parsed url   port: null,
7 verbose parsed url   hostname: null,
7 verbose parsed url   hash: null,
7 verbose parsed url   search: null,
7 verbose parsed url   query: null,
7 verbose parsed url   pathname: '–g',
7 verbose parsed url   path: '–g',
7 verbose parsed url   href: '–g' }
8 verbose cache add [ 'lineman', null ]
9 verbose cache add name=undefined spec="lineman" args=["lineman",null]
10 verbose parsed url { protocol: null,
10 verbose parsed url   slashes: null,
10 verbose parsed url   auth: null,
10 verbose parsed url   host: null,
10 verbose parsed url   port: null,
10 verbose parsed url   hostname: null,
10 verbose parsed url   hash: null,
10 verbose parsed url   search: null,
10 verbose parsed url   query: null,
10 verbose parsed url   pathname: 'lineman',
10 verbose parsed url   path: 'lineman',
10 verbose parsed url   href: 'lineman' }
11 silly lockFile 51e00793-g –g
12 verbose lock –g /home/vegaknight/.npm/51e00793-g.lock
13 silly lockFile ede4bb72-lineman lineman
14 verbose lock lineman /home/vegaknight/.npm/ede4bb72-lineman.lock
15 silly lockFile 51e00793-g –g
16 silly lockFile 51e00793-g –g
17 silly lockFile ede4bb72-lineman lineman
18 silly lockFile ede4bb72-lineman lineman
19 verbose addNamed [ '–g', '' ]
20 verbose addNamed [ null, '*' ]
21 silly lockFile 72e0e7f9-g –g@
22 verbose lock –g@ /home/vegaknight/.npm/72e0e7f9-g.lock
23 verbose addNamed [ 'lineman', '' ]
24 verbose addNamed [ null, '*' ]
25 silly lockFile ea700902-lineman lineman@
26 verbose lock lineman@ /home/vegaknight/.npm/ea700902-lineman.lock
27 silly addNameRange { name: 'lineman', range: '*', hasData: false }
28 verbose url raw lineman
29 verbose url resolving [ 'https://registry.npmjs.org/', './lineman' ]
30 verbose url resolved https://registry.npmjs.org/lineman
31 info trying registry request attempt 1 at 22:00:34
32 verbose etag "XT95KUS4LCCC6Q6VJ6RUP1NQ"
33 http GET https://registry.npmjs.org/lineman
34 http 304 https://registry.npmjs.org/lineman
35 silly registry.get cb [ 304,
35 silly registry.get   { date: 'Mon, 09 May 2016 03:00:36 GMT',
35 silly registry.get     via: '1.1 varnish',
35 silly registry.get     'cache-control': 'max-age=300',
35 silly registry.get     etag: '"XT95KUS4LCCC6Q6VJ6RUP1NQ"',
35 silly registry.get     age: '0',
35 silly registry.get     connection: 'keep-alive',
35 silly registry.get     'x-served-by': 'cache-atl6235-ATL',
35 silly registry.get     'x-cache': 'MISS',
35 silly registry.get     'x-cache-hits': '0',
35 silly registry.get     'x-timer': 'S1462762836.084093,VS0,VE167',
35 silly registry.get     vary: 'Accept-Encoding' } ]
36 verbose etag lineman from cache
37 silly addNameRange number 2 { name: 'lineman', range: '*', hasData: true }
38 silly addNameRange versions [ 'lineman',
38 silly addNameRange   [ '0.0.1',
38 silly addNameRange     '0.0.2',
38 silly addNameRange     '0.0.3',
38 silly addNameRange     '0.0.4',
38 silly addNameRange     '0.0.5',
38 silly addNameRange     '0.1.0',
38 silly addNameRange     '0.1.1',
38 silly addNameRange     '0.1.2',
38 silly addNameRange     '0.1.3',
38 silly addNameRange     '0.1.4',
38 silly addNameRange     '0.1.5',
38 silly addNameRange     '0.1.6',
38 silly addNameRange     '0.1.7',
38 silly addNameRange     '0.1.8',
38 silly addNameRange     '0.1.9',
38 silly addNameRange     '0.2.0',
38 silly addNameRange     '0.2.1',
38 silly addNameRange     '0.2.2',
38 silly addNameRange     '0.2.3',
38 silly addNameRange     '0.2.4',
38 silly addNameRange     '0.3.0',
38 silly addNameRange     '0.3.1',
38 silly addNameRange     '0.3.2',
38 silly addNameRange     '0.4.0',
38 silly addNameRange     '0.4.1',
38 silly addNameRange     '0.4.2',
38 silly addNameRange     '0.4.3',
38 silly addNameRange     '0.4.4',
38 silly addNameRange     '0.4.5',
38 silly addNameRange     '0.4.6',
38 silly addNameRange     '0.4.7',
38 silly addNameRange     '0.4.8',
38 silly addNameRange     '0.4.9',
38 silly addNameRange     '0.4.10',
38 silly addNameRange     '0.4.11',
38 silly addNameRange     '0.5.0',
38 silly addNameRange     '0.5.1',
38 silly addNameRange     '0.5.2',
38 silly addNameRange     '0.6.0',
38 silly addNameRange     '0.6.1',
38 silly addNameRange     '0.6.2',
38 silly addNameRange     '0.6.3',
38 silly addNameRange     '0.6.4',
38 silly addNameRange     '0.6.5',
38 silly addNameRange     '0.6.6',
38 silly addNameRange     '0.7.0',
38 silly addNameRange     '0.7.1',
38 silly addNameRange     '0.8.0',
38 silly addNameRange     '0.8.1',
38 silly addNameRange     '0.8.2',
38 silly addNameRange     '0.8.3',
38 silly addNameRange     '0.8.4',
38 silly addNameRange     '0.9.0',
38 silly addNameRange     '0.10.0',
38 silly addNameRange     '0.10.1',
38 silly addNameRange     '0.11.0',
38 silly addNameRange     '0.11.1',
38 silly addNameRange     '0.11.2',
38 silly addNameRange     '0.11.3',
38 silly addNameRange     '0.11.4',
38 silly addNameRange     '0.11.5',
38 silly addNameRange     '0.11.6',
38 silly addNameRange     '0.12.0',
38 silly addNameRange     '0.12.1',
38 silly addNameRange     '0.12.2',
38 silly addNameRange     '0.12.3',
38 silly addNameRange     '0.12.4',
38 silly addNameRange     '0.12.5',
38 silly addNameRange     '0.13.0',
38 silly addNameRange     '0.13.1',
38 silly addNameRange     '0.14.0',
38 silly addNameRange     '0.14.1',
38 silly addNameRange     '0.14.2',
38 silly addNameRange     '0.14.3',
38 silly addNameRange     '0.14.4',
38 silly addNameRange     '0.15.0-beta1',
38 silly addNameRange     '0.14.5',
38 silly addNameRange     '0.15.0-beta2',
38 silly addNameRange     '0.15.0',
38 silly addNameRange     '0.15.1',
38 silly addNameRange     '0.16.0',
38 silly addNameRange     '0.16.1',
38 silly addNameRange     '0.17.0',
38 silly addNameRange     '0.18.0',
38 silly addNameRange     '0.18.1',
38 silly addNameRange     '0.18.2',
38 silly addNameRange     '0.18.3',
38 silly addNameRange     '0.19.0',
38 silly addNameRange     '0.19.1',
38 silly addNameRange     '0.19.2',
38 silly addNameRange     '0.19.3',
38 silly addNameRange     '0.19.4',
38 silly addNameRange     '0.20.0',
38 silly addNameRange     '0.21.0',
38 silly addNameRange     '0.21.1',
38 silly addNameRange     '0.21.2',
38 silly addNameRange     '0.21.3',
38 silly addNameRange     '0.22.0',
38 silly addNameRange     '0.23.0',
38 silly addNameRange     '0.23.1',
38 silly addNameRange     '0.23.2',
38 silly addNameRange     '0.23.3',
38 silly addNameRange     '0.24.0',
38 silly addNameRange     '0.24.1',
38 silly addNameRange     '0.24.2',
38 silly addNameRange     '0.24.3',
38 silly addNameRange     '0.24.4',
38 silly addNameRange     '0.24.5',
38 silly addNameRange     '0.24.7',
38 silly addNameRange     '0.24.8',
38 silly addNameRange     '0.24.9',
38 silly addNameRange     '0.24.10',
38 silly addNameRange     '0.25.0',
38 silly addNameRange     '0.26.0',
38 silly addNameRange     '0.27.0',
38 silly addNameRange     '0.27.1',
38 silly addNameRange     '0.27.2',
38 silly addNameRange     '0.28.0',
38 silly addNameRange     '0.28.1',
38 silly addNameRange     '0.28.2',
38 silly addNameRange     '0.28.3',
38 silly addNameRange     '0.29.0',
38 silly addNameRange     '0.29.1',
38 silly addNameRange     '0.29.2',
38 silly addNameRange     '0.29.3',
38 silly addNameRange     '0.30.0',
38 silly addNameRange     '0.31.0',
38 silly addNameRange     '0.32.0',
38 silly addNameRange     '0.32.1',
38 silly addNameRange     '0.32.2',
38 silly addNameRange     '0.33.0',
38 silly addNameRange     '0.33.1',
38 silly addNameRange     '0.33.2',
38 silly addNameRange     '0.33.3',
38 silly addNameRange     '0.33.4',
38 silly addNameRange     '0.33.5',
38 silly addNameRange     '0.34.0',
38 silly addNameRange     '0.34.1',
38 silly addNameRange     '0.34.2',
38 silly addNameRange     '0.34.3',
38 silly addNameRange     '0.34.4',
38 silly addNameRange     '0.35.0',
38 silly addNameRange     '0.35.1',
38 silly addNameRange     '0.36.0',
38 silly addNameRange     '0.36.1',
38 silly addNameRange     '0.36.2',
38 silly addNameRange     '0.36.3',
38 silly addNameRange     '0.36.4',
38 silly addNameRange     '0.36.5',
38 silly addNameRange     '0.36.6' ] ]
39 verbose addNamed [ 'lineman', '0.36.6' ]
40 verbose addNamed [ '0.36.6', '0.36.6' ]
41 silly lockFile 6225f6e8-lineman-0-36-6 lineman@0.36.6
42 verbose lock lineman@0.36.6 /home/vegaknight/.npm/6225f6e8-lineman-0-36-6.lock
43 silly lockFile 6225f6e8-lineman-0-36-6 lineman@0.36.6
44 silly lockFile 6225f6e8-lineman-0-36-6 lineman@0.36.6
45 silly lockFile ea700902-lineman lineman@
46 silly lockFile ea700902-lineman lineman@
47 silly addNameRange { name: '–g', range: '*', hasData: false }
48 verbose url raw –g
49 verbose url resolving [ 'https://registry.npmjs.org/', './%E2%80%93g' ]
50 verbose url resolved https://registry.npmjs.org/%E2%80%93g
51 info trying registry request attempt 1 at 22:01:22
52 http GET https://registry.npmjs.org/%E2%80%93g
53 http 404 https://registry.npmjs.org/%E2%80%93g
54 silly registry.get cb [ 404,
54 silly registry.get   { 'content-type': 'application/json',
54 silly registry.get     'cache-control': 'max-age=0',
54 silly registry.get     'content-length': '66',
54 silly registry.get     'accept-ranges': 'bytes',
54 silly registry.get     date: 'Mon, 09 May 2016 03:01:23 GMT',
54 silly registry.get     via: '1.1 varnish',
54 silly registry.get     age: '0',
54 silly registry.get     connection: 'keep-alive',
54 silly registry.get     'x-served-by': 'cache-jfk1028-JFK',
54 silly registry.get     'x-cache': 'MISS',
54 silly registry.get     'x-cache-hits': '0',
54 silly registry.get     'x-timer': 'S1462762883.160678,VS0,VE68' } ]
55 silly addNameRange number 2 { name: '–g', range: '*', hasData: true }
56 silly addNameRange versions [ undefined, [] ]
57 error TypeError: Cannot read property 'latest' of undefined
57 error     at next (/usr/share/npm/lib/cache.js:687:35)
57 error     at /usr/share/npm/lib/cache.js:675:5
57 error     at saved (/usr/share/npm/node_modules/npm-registry-client/lib/get.js:142:7)
57 error     at /usr/lib/nodejs/graceful-fs/polyfills.js:133:7
57 error     at Object.oncomplete (fs.js:107:15)
58 error If you need help, you may report this log at:
58 error     <http://github.com/isaacs/npm/issues>
58 error or email it to:
58 error     <npm-@googlegroups.com>
59 error System Linux 3.13.0-85-generic
60 error command "/usr/bin/nodejs" "/usr/bin/npm" "install" "–g" "lineman"
61 error cwd /home/vegaknight/NetBeansProjects/AngularProject
62 error node -v v0.10.25
63 error npm -v 1.3.10
64 error type non_object_property_load
65 verbose exit [ 1, true ]
